<?xml version="1.0" encoding="UTF-8"?>
<testsuite name="org.cosses.appmockito.ejemplos.services.ExamenServiceImplTest" tests="4" skipped="0" failures="0" errors="0" timestamp="2022-01-07T02:18:11" hostname="DESKTOP-9NGV18T" time="0.437">
  <properties/>
  <testcase name="findExamenbyNombre()" classname="org.cosses.appmockito.ejemplos.services.ExamenServiceImplTest" time="0.419"/>
  <testcase name="testPreguntasExamen()" classname="org.cosses.appmockito.ejemplos.services.ExamenServiceImplTest" time="0.007"/>
  <testcase name="testSaveExamen()" classname="org.cosses.appmockito.ejemplos.services.ExamenServiceImplTest" time="0.007"/>
  <testcase name="findExamenbyNombreEmptyList()" classname="org.cosses.appmockito.ejemplos.services.ExamenServiceImplTest" time="0.001"/>
  <system-out><![CDATA[]]></system-out>
  <system-err><![CDATA[]]></system-err>
</testsuite>
